<?xml version="1.0" encoding="UTF-8"?>
<testsuite xmlns:xsi="http://www.w3.org/2001/XMLSchema-instance" xsi:noNamespaceSchemaLocation="https://maven.apache.org/surefire/maven-surefire-plugin/xsd/surefire-test-report.xsd" name="com.food.ordering.system.order.service.OrderApplicationServiceTest" time="3.393" tests="4" errors="0" skipped="0" failures="3">
  <properties>
[...]
</properties>
  <testcase name="testCreateOrderWithWrongTotalPrice" classname="com.food.ordering.system.order.service.OrderApplicationServiceTest" time="0.122">
    <failure message="expected: &lt;Total price: 250.00 is not equal to Order items total: 200.00!&gt; but was: &lt;Total price: 250.00 is not equal to toal price items: 200.00&gt;" type="org.opentest4j.AssertionFailedError"><![CDATA[org.opentest4j.AssertionFailedError: expected: <Total price: 250.00 is not equal to Order items total: 200.00!> but was: <Total price: 250.00 is not equal to toal price items: 200.00>
	at com.food.ordering.system.order.service.OrderApplicationServiceTest.testCreateOrderWithWrongTotalPrice(OrderApplicationServiceTest.java:171)
]]></failure>
    <system-out><![CDATA[16:36:27.758 [main] DEBUG org.springframework.test.context.BootstrapUtils - Instantiating CacheAwareContextLoaderDelegate from class [org.springframework.test.context.cache.DefaultCacheAwareContextLoaderDelegate]
16:36:27.770 [main] DEBUG org.springframework.test.context.BootstrapUtils - Instantiating BootstrapContext using constructor [public org.springframework.test.context.support.DefaultBootstrapContext(java.lang.Class,org.springframework.test.context.CacheAwareContextLoaderDelegate)]
16:36:27.796 [main] DEBUG org.springframework.test.context.BootstrapUtils - Instantiating TestContextBootstrapper for test class [com.food.ordering.system.order.service.OrderApplicationServiceTest] from class [org.springframework.boot.test.context.SpringBootTestContextBootstrapper]
16:36:27.813 [main] INFO org.springframework.boot.test.context.SpringBootTestContextBootstrapper - Neither @ContextConfiguration nor @ContextHierarchy found for test class [com.food.ordering.system.order.service.OrderApplicationServiceTest], using SpringBootContextLoader
16:36:27.816 [main] DEBUG org.springframework.test.context.support.AbstractContextLoader - Did not detect default resource location for test class [com.food.ordering.system.order.service.OrderApplicationServiceTest]: class path resource [com/food/ordering/system/order/service/OrderApplicationServiceTest-context.xml] does not exist
16:36:27.816 [main] DEBUG org.springframework.test.context.support.AbstractContextLoader - Did not detect default resource location for test class [com.food.ordering.system.order.service.OrderApplicationServiceTest]: class path resource [com/food/ordering/system/order/service/OrderApplicationServiceTestContext.groovy] does not exist
16:36:27.816 [main] INFO org.springframework.test.context.support.AbstractContextLoader - Could not detect default resource locations for test class [com.food.ordering.system.order.service.OrderApplicationServiceTest]: no resource found for suffixes {-context.xml, Context.groovy}.
16:36:27.877 [main] DEBUG org.springframework.test.context.support.ActiveProfilesUtils - Could not find an 'annotation declaring class' for annotation type [org.springframework.test.context.ActiveProfiles] and class [com.food.ordering.system.order.service.OrderApplicationServiceTest]
16:36:28.022 [main] DEBUG org.springframework.boot.test.context.SpringBootTestContextBootstrapper - @TestExecutionListeners is not present for class [com.food.ordering.system.order.service.OrderApplicationServiceTest]: using defaults.
16:36:28.022 [main] INFO org.springframework.boot.test.context.SpringBootTestContextBootstrapper - Loaded default TestExecutionListener class names from location [META-INF/spring.factories]: [org.springframework.boot.test.mock.mockito.MockitoTestExecutionListener, org.springframework.boot.test.mock.mockito.ResetMocksTestExecutionListener, org.springframework.boot.test.autoconfigure.restdocs.RestDocsTestExecutionListener, org.springframework.boot.test.autoconfigure.web.client.MockRestServiceServerResetTestExecutionListener, org.springframework.boot.test.autoconfigure.web.servlet.MockMvcPrintOnlyOnFailureTestExecutionListener, org.springframework.boot.test.autoconfigure.web.servlet.WebDriverTestExecutionListener, org.springframework.boot.test.autoconfigure.webservices.client.MockWebServiceServerTestExecutionListener, org.springframework.test.context.web.ServletTestExecutionListener, org.springframework.test.context.support.DirtiesContextBeforeModesTestExecutionListener, org.springframework.test.context.event.ApplicationEventsTestExecutionListener, org.springframework.test.context.support.DependencyInjectionTestExecutionListener, org.springframework.test.context.support.DirtiesContextTestExecutionListener, org.springframework.test.context.transaction.TransactionalTestExecutionListener, org.springframework.test.context.jdbc.SqlScriptsTestExecutionListener, org.springframework.test.context.event.EventPublishingTestExecutionListener]
16:36:28.030 [main] DEBUG org.springframework.boot.test.context.SpringBootTestContextBootstrapper - Skipping candidate TestExecutionListener [org.springframework.test.context.web.ServletTestExecutionListener] due to a missing dependency. Specify custom listener classes or make the default listener classes and their required dependencies available. Offending class: [javax/servlet/ServletContext]
16:36:28.038 [main] INFO org.springframework.boot.test.context.SpringBootTestContextBootstrapper - Using TestExecutionListeners: [org.springframework.test.context.support.DirtiesContextBeforeModesTestExecutionListener@3b00856b, org.springframework.test.context.event.ApplicationEventsTestExecutionListener@3016fd5e, org.springframework.boot.test.mock.mockito.MockitoTestExecutionListener@35d08e6c, org.springframework.boot.test.autoconfigure.SpringBootDependencyInjectionTestExecutionListener@53d102a2, org.springframework.test.context.support.DirtiesContextTestExecutionListener@6c45ee6e, org.springframework.test.context.transaction.TransactionalTestExecutionListener@6b3e12b5, org.springframework.test.context.jdbc.SqlScriptsTestExecutionListener@5aac4250, org.springframework.test.context.event.EventPublishingTestExecutionListener@1338fb5, org.springframework.boot.test.mock.mockito.ResetMocksTestExecutionListener@42463763, org.springframework.boot.test.autoconfigure.restdocs.RestDocsTestExecutionListener@59f63e24, org.springframework.boot.test.autoconfigure.web.client.MockRestServiceServerResetTestExecutionListener@61f05988, org.springframework.boot.test.autoconfigure.web.servlet.MockMvcPrintOnlyOnFailureTestExecutionListener@7ca33c24, org.springframework.boot.test.autoconfigure.web.servlet.WebDriverTestExecutionListener@fade1fc, org.springframework.boot.test.autoconfigure.webservices.client.MockWebServiceServerTestExecutionListener@67c2e933]
16:36:28.043 [main] DEBUG org.springframework.test.context.support.DependencyInjectionTestExecutionListener - Performing dependency injection for test context [[DefaultTestContext@7216fb24 testClass = OrderApplicationServiceTest, testInstance = com.food.ordering.system.order.service.OrderApplicationServiceTest@2072acb2, testMethod = [null], testException = [null], mergedContextConfiguration = [MergedContextConfiguration@50ecde95 testClass = OrderApplicationServiceTest, locations = '{}', classes = '{class com.food.ordering.system.order.service.OrderTestConfiguration}', contextInitializerClasses = '[]', activeProfiles = '{}', propertySourceLocations = '{}', propertySourceProperties = '{org.springframework.boot.test.context.SpringBootTestContextBootstrapper=true}', contextCustomizers = set[org.springframework.boot.test.context.filter.ExcludeFilterContextCustomizer@19b89d4, org.springframework.boot.test.json.DuplicateJsonObjectContextCustomizerFactory$DuplicateJsonObjectContextCustomizer@791d1f8b, org.springframework.boot.test.mock.mockito.MockitoContextCustomizer@0, org.springframework.boot.test.web.client.TestRestTemplateContextCustomizer@5f20155b, org.springframework.boot.test.autoconfigure.actuate.metrics.MetricsExportContextCustomizerFactory$DisableMetricExportContextCustomizer@6f1c29b7, org.springframework.boot.test.autoconfigure.properties.PropertyMappingContextCustomizer@0, org.springframework.boot.test.autoconfigure.web.servlet.WebDriverContextCustomizerFactory$Customizer@5456afaa, org.springframework.boot.test.context.SpringBootTestArgs@1, org.springframework.boot.test.context.SpringBootTestWebEnvironment@2e4b8173], contextLoader = 'org.springframework.boot.test.context.SpringBootContextLoader', parent = [null]], attributes = map['org.springframework.test.context.event.ApplicationEventsTestExecutionListener.recordApplicationEvents' -> false]]].

  .   ____          _            __ _ _
 /\\ / ___'_ __ _ _(_)_ __  __ _ \ \ \ \
( ( )\___ | '_ | '_| | '_ \/ _` | \ \ \ \
 \\/  ___)| |_)| | | | | || (_| |  ) ) ) )
  '  |____| .__|_| |_|_| |_\__, | / / / /
 =========|_|==============|___/=/_/_/_/
 :: Spring Boot ::                (v2.6.3)

2023-03-19 16:36:28.392  INFO 14956 --- [           main] c.f.o.s.o.s.OrderApplicationServiceTest  : Starting OrderApplicationServiceTest using Java 17.0.6 on ro-asus with PID 14956 (started by rodri in C:\Users\rodri\OneDrive\Documentos\dev\git\java\food-ordering-system\order-service\order-domain\order-application-service)
2023-03-19 16:36:28.393  INFO 14956 --- [           main] c.f.o.s.o.s.OrderApplicationServiceTest  : No active profile set, falling back to default profiles: default
2023-03-19 16:36:30.814  INFO 14956 --- [           main] c.f.o.s.o.s.OrderApplicationServiceTest  : Started OrderApplicationServiceTest in 2.745 seconds (JVM running for 4.302)
]]></system-out>
  </testcase>
  <testcase name="testCreateOrder" classname="com.food.ordering.system.order.service.OrderApplicationServiceTest" time="0.011">
    <failure message="expected: &lt;Order created successfully&gt; but was: &lt;Order Created Successfully!&gt;" type="org.opentest4j.AssertionFailedError"><![CDATA[org.opentest4j.AssertionFailedError: expected: <Order created successfully> but was: <Order Created Successfully!>
	at com.food.ordering.system.order.service.OrderApplicationServiceTest.testCreateOrder(OrderApplicationServiceTest.java:163)
]]></failure>
    <system-out><![CDATA[2023-03-19 16:36:31.011  INFO 14956 --- [           main] c.f.o.s.o.s.d.OrderDomainServiceImpl     : Order with id: c9f91dd8-7807-4130-bdf7-a5250684626c is initiated
2023-03-19 16:36:31.014  INFO 14956 --- [           main] c.f.o.s.o.s.domain.OrderCreateHelper     : Order is saved with id: 15a497c1-0f4b-4eff-b9f4-c402c8c07afb
2023-03-19 16:36:31.014  INFO 14956 --- [           main] c.f.o.s.o.s.domain.OrderCreateHelper     : Order is created with id: c9f91dd8-7807-4130-bdf7-a5250684626c
2023-03-19 16:36:31.014  INFO 14956 --- [           main] c.f.o.s.o.s.d.OrderCreateCommandHandler  : Order is created with id: c9f91dd8-7807-4130-bdf7-a5250684626c
]]></system-out>
  </testcase>
  <testcase name="testCreateOrderWithWrongProductPrice" classname="com.food.ordering.system.order.service.OrderApplicationServiceTest" time="0.005">
    <failure message="expected: &lt;Order item price: 60.00 is not valid for product d215b5f8-0249-4dc5-89a3-51fd148cfb48&gt; but was: &lt;order item price is not valid&gt;" type="org.opentest4j.AssertionFailedError"><![CDATA[org.opentest4j.AssertionFailedError: expected: <Order item price: 60.00 is not valid for product d215b5f8-0249-4dc5-89a3-51fd148cfb48> but was: <order item price is not valid>
	at com.food.ordering.system.order.service.OrderApplicationServiceTest.testCreateOrderWithWrongProductPrice(OrderApplicationServiceTest.java:178)
]]></failure>
  </testcase>
  <testcase name="testCreateOrderWithPassiveRestaurant" classname="com.food.ordering.system.order.service.OrderApplicationServiceTest" time="0.004"/>
</testsuite>